0 info it worked if it ends with ok
1 verbose cli [ 'C:\\Program Files (x86)\\nodejs\\node.exe',
1 verbose cli   'C:\\Program Files (x86)\\nodejs\\node_modules\\npm\\bin\\npm-cli.js',
1 verbose cli   'run',
1 verbose cli   'client' ]
2 info using npm@3.10.10
3 info using node@v6.10.2
4 verbose run-script [ 'preclient', 'client', 'postclient' ]
5 info lifecycle devconnect@1.0.0~preclient: devconnect@1.0.0
6 silly lifecycle devconnect@1.0.0~preclient: no script for preclient, continuing
7 info lifecycle devconnect@1.0.0~client: devconnect@1.0.0
8 verbose lifecycle devconnect@1.0.0~client: unsafe-perm in lifecycle true
9 verbose lifecycle devconnect@1.0.0~client: PATH: C:\Program Files (x86)\nodejs\node_modules\npm\bin\node-gyp-bin;D:\Web Development\Projects\devconnect\node_modules\.bin;C:\Program Files\Git\mingw64\bin;C:\Program Files\Git\usr\bin;C:\Users\rashidick\bin;C:\Program Files (x86)\Common Files\Oracle\Java\javapath;C:\Windows\system32;C:\Windows;C:\Windows\System32\Wbem;C:\Windows\System32\WindowsPowerShell\v1.0;C:\Program Files (x86)\NVIDIA Corporation\PhysX\Common;C:\Program Files\Git\cmd;C:\Program Files (x86)\nodejs;C:\ProgramData\chocolatey\bin;C:\Program Files\Common Files\Autodesk Shared;C:\Program Files (x86)\Autodesk\Backburner;C:\Program Files (x86)\GtkSharp\2.12\bin;C:\Users\rashidick\AppData\Local\Programs\Python\Python36\Scripts;C:\Users\rashidick\AppData\Local\Programs\Python\Python36;C:\Users\rashidick\AppData\Local\Microsoft\WindowsApps;C:\Users\rashidick\AppData\Local\atom\bin;C:\Users\rashidick\AppData\Roaming\npm;C:\Users\rashidick\AppData\Local\.meteor;C:\Program Files\Microsoft VS Code\bin
10 verbose lifecycle devconnect@1.0.0~client: CWD: D:\Web Development\Projects\devconnect
11 silly lifecycle devconnect@1.0.0~client: Args: [ '/d /s /c', 'npm start --prefix client' ]
12 silly lifecycle devconnect@1.0.0~client: Returned: code: 1  signal: null
13 info lifecycle devconnect@1.0.0~client: Failed to exec client script
14 verbose stack Error: devconnect@1.0.0 client: `npm start --prefix client`
14 verbose stack Exit status 1
14 verbose stack     at EventEmitter.<anonymous> (C:\Program Files (x86)\nodejs\node_modules\npm\lib\utils\lifecycle.js:255:16)
14 verbose stack     at emitTwo (events.js:106:13)
14 verbose stack     at EventEmitter.emit (events.js:191:7)
14 verbose stack     at ChildProcess.<anonymous> (C:\Program Files (x86)\nodejs\node_modules\npm\lib\utils\spawn.js:40:14)
14 verbose stack     at emitTwo (events.js:106:13)
14 verbose stack     at ChildProcess.emit (events.js:191:7)
14 verbose stack     at maybeClose (internal/child_process.js:886:16)
14 verbose stack     at Process.ChildProcess._handle.onexit (internal/child_process.js:226:5)
15 verbose pkgid devconnect@1.0.0
16 verbose cwd D:\Web Development\Projects\devconnect
17 error Windows_NT 10.0.16299
18 error argv "C:\\Program Files (x86)\\nodejs\\node.exe" "C:\\Program Files (x86)\\nodejs\\node_modules\\npm\\bin\\npm-cli.js" "run" "client"
19 error node v6.10.2
20 error npm  v3.10.10
21 error code ELIFECYCLE
22 error devconnect@1.0.0 client: `npm start --prefix client`
22 error Exit status 1
23 error Failed at the devconnect@1.0.0 client script 'npm start --prefix client'.
23 error Make sure you have the latest version of node.js and npm installed.
23 error If you do, this is most likely a problem with the devconnect package,
23 error not with npm itself.
23 error Tell the author that this fails on your system:
23 error     npm start --prefix client
23 error You can get information on how to open an issue for this project with:
23 error     npm bugs devconnect
23 error Or if that isn't available, you can get their info via:
23 error     npm owner ls devconnect
23 error There is likely additional logging output above.
24 verbose exit [ 1, true ]
